2021-01-29 17:53:57,882 - /python/tensorflow_test/short_text_statistics/logger.py[line:73] - INFO: 


		新启动运行T2021-01-29 17:53:57.882176



2021-01-29 17:54:00,623 - /python/tensorflow_test/short_text_statistics/prepareTrainData.py[line:54] - INFO: 一共有24000个文件
2021-01-29 17:54:34,840 - /python/tensorflow_test/short_text_statistics/prepareTrainData.py[line:110] - INFO: 训练数据整理完毕
2021-01-29 17:54:34,845 - /python/tensorflow_test/short_text_statistics/trainModel.py[line:717] - INFO: 开始生成临时语料库文件：/python/tensorflow_test/short_text_statistics/data/word2Vec.tmp
2021-01-29 17:54:34,971 - /python/tensorflow_test/short_text_statistics/trainModel.py[line:728] - INFO: 临时语料库文件生成完毕：/python/tensorflow_test/short_text_statistics/data/word2Vec.tmp
2021-01-29 17:54:34,971 - /python/tensorflow_test/short_text_statistics/trainModel.py[line:738] - INFO: 开始生成词向量文件：/python/tensorflow_test/short_text_statistics/data/word2Vec.bin
2021-01-29 17:54:47,545 - /python/tensorflow_test/short_text_statistics/trainModel.py[line:844] - INFO: 词向量文件生成完毕：/python/tensorflow_test/short_text_statistics/data/word2Vec.bin
2021-01-29 17:54:49,391 - /python/tensorflow_test/short_text_statistics/trainModel.py[line:355] - INFO: 按照0.95的比例分配训练和测试数据完成
2021-01-29 17:54:49,392 - /python/tensorflow_test/short_text_statistics/trainModel.py[line:356] - INFO: 训练数据数量：20520
2021-01-29 17:54:49,392 - /python/tensorflow_test/short_text_statistics/trainModel.py[line:357] - INFO: 测试数据数量：1080
2021-01-29 17:54:49,422 - /python/tensorflow_test/short_text_statistics/trainModel.py[line:859] - INFO: train data shape: (20520, 200)
2021-01-29 17:54:49,423 - /python/tensorflow_test/short_text_statistics/trainModel.py[line:860] - INFO: train label shape: (20520,)
2021-01-29 17:54:49,423 - /python/tensorflow_test/short_text_statistics/trainModel.py[line:861] - INFO: eval data shape: (1080, 200)
2021-01-29 17:54:51,590 - /python/tensorflow_test/short_text_statistics/trainModel.py[line:903] - INFO: Writing to /python/tensorflow_test/short_text_statistics/data/model/summarys

2021-01-29 17:54:53,082 - /python/tensorflow_test/short_text_statistics/trainModel.py[line:981] - INFO: epoches：04
2021-01-29 17:54:58,778 - /python/tensorflow_test/short_text_statistics/trainModel.py[line:987] - INFO: train: step: 1, loss: 1.7999671697616577, acc: 0.1484375, recall: 0.1432648953301127, precision: 0.0895942180424939, f_beta: 0.08953758953758954
2021-01-29 17:55:02,821 - /python/tensorflow_test/short_text_statistics/trainModel.py[line:987] - INFO: train: step: 2, loss: 1.728222370147705, acc: 0.2890625, recall: 0.26468928312065565, precision: 0.24740629183400265, f_beta: 0.20961158464578436
2021-01-29 17:55:06,852 - /python/tensorflow_test/short_text_statistics/trainModel.py[line:987] - INFO: train: step: 3, loss: 1.7490524053573608, acc: 0.2109375, recall: 0.20926019833220644, precision: 0.19548679686928536, f_beta: 0.15108457850393334
2021-01-29 17:55:10,906 - /python/tensorflow_test/short_text_statistics/trainModel.py[line:987] - INFO: train: step: 4, loss: 1.6441259384155273, acc: 0.3046875, recall: 0.3081811549303809, precision: 0.28208937198067635, f_beta: 0.26315289831240835
2021-01-29 17:55:14,914 - /python/tensorflow_test/short_text_statistics/trainModel.py[line:987] - INFO: train: step: 5, loss: 1.638115406036377, acc: 0.2890625, recall: 0.26581007115489874, precision: 0.2759053430678144, f_beta: 0.23851097578948557
2021-01-29 17:55:18,938 - /python/tensorflow_test/short_text_statistics/trainModel.py[line:987] - INFO: train: step: 6, loss: 1.5393245220184326, acc: 0.3046875, recall: 0.2612116962046836, precision: 0.28763337074983136, f_beta: 0.2500715280887695
2021-01-29 17:55:23,053 - /python/tensorflow_test/short_text_statistics/trainModel.py[line:987] - INFO: train: step: 7, loss: 1.5194811820983887, acc: 0.34375, recall: 0.34572700691121744, precision: 0.2936348781937017, f_beta: 0.29159575002995797
2021-01-29 17:55:27,122 - /python/tensorflow_test/short_text_statistics/trainModel.py[line:987] - INFO: train: step: 8, loss: 1.4883861541748047, acc: 0.375, recall: 0.37505244592963893, precision: 0.4579549649317091, f_beta: 0.3457600261805786
2021-01-29 17:55:31,109 - /python/tensorflow_test/short_text_statistics/trainModel.py[line:987] - INFO: train: step: 9, loss: 1.3558595180511475, acc: 0.46875, recall: 0.46762347464101844, precision: 0.4946502501293773, f_beta: 0.4526357978361582
2021-01-29 17:55:35,127 - /python/tensorflow_test/short_text_statistics/trainModel.py[line:987] - INFO: train: step: 10, loss: 1.3135461807250977, acc: 0.515625, recall: 0.5155524431995021, precision: 0.5631212276373566, f_beta: 0.5304180045347198
2021-01-29 17:55:39,155 - /python/tensorflow_test/short_text_statistics/trainModel.py[line:987] - INFO: train: step: 11, loss: 1.2539013624191284, acc: 0.5390625, recall: 0.541982518685305, precision: 0.6046550671550671, f_beta: 0.5458629739331494
2021-01-29 17:55:43,175 - /python/tensorflow_test/short_text_statistics/trainModel.py[line:987] - INFO: train: step: 12, loss: 1.335139513015747, acc: 0.484375, recall: 0.48323576773704646, precision: 0.5334542993985717, f_beta: 0.47721308646210914
2021-01-29 17:55:47,224 - /python/tensorflow_test/short_text_statistics/trainModel.py[line:987] - INFO: train: step: 13, loss: 1.225039005279541, acc: 0.46875, recall: 0.49591193160033736, precision: 0.4917158917158917, f_beta: 0.4577236998516035
2021-01-29 17:55:51,254 - /python/tensorflow_test/short_text_statistics/trainModel.py[line:987] - INFO: train: step: 14, loss: 1.1797319650650024, acc: 0.5546875, recall: 0.5353353543008716, precision: 0.5344876291745362, f_beta: 0.5119132962803038
2021-01-29 17:55:55,328 - /python/tensorflow_test/short_text_statistics/trainModel.py[line:987] - INFO: train: step: 15, loss: 1.1360740661621094, acc: 0.5078125, recall: 0.518983953442382, precision: 0.5305109922756981, f_beta: 0.5182252342888831
2021-01-29 17:55:59,368 - /python/tensorflow_test/short_text_statistics/trainModel.py[line:987] - INFO: train: step: 16, loss: 1.140554428100586, acc: 0.6015625, recall: 0.6321713803731618, precision: 0.6090720695416703, f_beta: 0.5987796186874528
2021-01-29 17:56:03,377 - /python/tensorflow_test/short_text_statistics/trainModel.py[line:987] - INFO: train: step: 17, loss: 1.0535529851913452, acc: 0.640625, recall: 0.6403705341785837, precision: 0.6762029198871304, f_beta: 0.6448582726489703
2021-01-29 17:56:07,382 - /python/tensorflow_test/short_text_statistics/trainModel.py[line:987] - INFO: train: step: 18, loss: 1.0030813217163086, acc: 0.5859375, recall: 0.5882327231591938, precision: 0.6320164049488903, f_beta: 0.6017152893372802
2021-01-29 17:56:11,417 - /python/tensorflow_test/short_text_statistics/trainModel.py[line:987] - INFO: train: step: 19, loss: 0.9485834836959839, acc: 0.625, recall: 0.6191497529892671, precision: 0.6067983510965967, f_beta: 0.6071631205673759
2021-01-29 17:56:15,454 - /python/tensorflow_test/short_text_statistics/trainModel.py[line:987] - INFO: train: step: 20, loss: 1.115149974822998, acc: 0.578125, recall: 0.5868908382066277, precision: 0.5870007262164124, f_beta: 0.5607154759261369
2021-01-29 17:56:19,483 - /python/tensorflow_test/short_text_statistics/trainModel.py[line:987] - INFO: train: step: 21, loss: 1.0000593662261963, acc: 0.609375, recall: 0.6088951755831551, precision: 0.5912508023377588, f_beta: 0.598339234956882
2021-01-29 17:56:23,502 - /python/tensorflow_test/short_text_statistics/trainModel.py[line:987] - INFO: train: step: 22, loss: 1.0743889808654785, acc: 0.5234375, recall: 0.5374564611633578, precision: 0.5274665274021682, f_beta: 0.5271653254389828
2021-01-29 17:56:27,547 - /python/tensorflow_test/short_text_statistics/trainModel.py[line:987] - INFO: train: step: 23, loss: 0.9531689882278442, acc: 0.6484375, recall: 0.6403157198551935, precision: 0.652653133903134, f_beta: 0.6432968467467236
2021-01-29 17:56:31,595 - /python/tensorflow_test/short_text_statistics/trainModel.py[line:987] - INFO: train: step: 24, loss: 1.044532060623169, acc: 0.59375, recall: 0.6103768092932179, precision: 0.6380203909520797, f_beta: 0.6134629358937759
2021-01-29 17:56:35,640 - /python/tensorflow_test/short_text_statistics/trainModel.py[line:987] - INFO: train: step: 25, loss: 0.8974180221557617, acc: 0.6484375, recall: 0.6521364438031104, precision: 0.6639400584795322, f_beta: 0.6518681260858983
2021-01-29 17:56:39,700 - /python/tensorflow_test/short_text_statistics/trainModel.py[line:987] - INFO: train: step: 26, loss: 1.0289115905761719, acc: 0.5703125, recall: 0.6192300675059296, precision: 0.6010325107054316, f_beta: 0.5988580049697149
2021-01-29 17:56:43,719 - /python/tensorflow_test/short_text_statistics/trainModel.py[line:987] - INFO: train: step: 27, loss: 0.9155117869377136, acc: 0.59375, recall: 0.6327266385481396, precision: 0.5962284418940765, f_beta: 0.6050201260727577
2021-01-29 17:56:47,765 - /python/tensorflow_test/short_text_statistics/trainModel.py[line:987] - INFO: train: step: 28, loss: 1.0078492164611816, acc: 0.6015625, recall: 0.6220295088246751, precision: 0.6372598162071846, f_beta: 0.6131126945475674
2021-01-29 17:56:51,782 - /python/tensorflow_test/short_text_statistics/trainModel.py[line:987] - INFO: train: step: 29, loss: 0.9243603944778442, acc: 0.625, recall: 0.6399938949938949, precision: 0.6612397012397013, f_beta: 0.6386336395164919
2021-01-29 17:56:55,752 - /python/tensorflow_test/short_text_statistics/trainModel.py[line:987] - INFO: train: step: 30, loss: 0.7998893857002258, acc: 0.6484375, recall: 0.6750684822423954, precision: 0.6922670807453416, f_beta: 0.6713154904333325
2021-01-29 17:56:59,748 - /python/tensorflow_test/short_text_statistics/trainModel.py[line:987] - INFO: train: step: 31, loss: 0.7349589467048645, acc: 0.7109375, recall: 0.7206997511345338, precision: 0.7591542528529337, f_beta: 0.7000042907839009
2021-01-29 17:57:03,771 - /python/tensorflow_test/short_text_statistics/trainModel.py[line:987] - INFO: train: step: 32, loss: 0.832917332649231, acc: 0.6796875, recall: 0.6885975506398846, precision: 0.6970803464755079, f_beta: 0.6916768327011388
2021-01-29 17:57:07,778 - /python/tensorflow_test/short_text_statistics/trainModel.py[line:987] - INFO: train: step: 33, loss: 0.7442982196807861, acc: 0.6953125, recall: 0.7037281965926466, precision: 0.6973088921982895, f_beta: 0.6946864974124658
2021-01-29 17:57:11,871 - /python/tensorflow_test/short_text_statistics/trainModel.py[line:987] - INFO: train: step: 34, loss: 0.8937942981719971, acc: 0.6796875, recall: 0.7107915622389306, precision: 0.711945092616599, f_beta: 0.7067346320838479
2021-01-29 17:57:15,885 - /python/tensorflow_test/short_text_statistics/trainModel.py[line:987] - INFO: train: step: 35, loss: 0.9118118286132812, acc: 0.6875, recall: 0.6786082195836199, precision: 0.6732954545454546, f_beta: 0.6689914304260296
2021-01-29 17:57:19,939 - /python/tensorflow_test/short_text_statistics/trainModel.py[line:987] - INFO: train: step: 36, loss: 0.8113314509391785, acc: 0.671875, recall: 0.6528988603988605, precision: 0.6838498699368264, f_beta: 0.6635599588672679
2021-01-29 17:57:23,973 - /python/tensorflow_test/short_text_statistics/trainModel.py[line:987] - INFO: train: step: 37, loss: 0.8295289874076843, acc: 0.6796875, recall: 0.6870176539284091, precision: 0.7256566364911387, f_beta: 0.6974459606039841
2021-01-29 17:57:28,018 - /python/tensorflow_test/short_text_statistics/trainModel.py[line:987] - INFO: train: step: 38, loss: 0.7627254724502563, acc: 0.65625, recall: 0.6477415458937198, precision: 0.7061104218362283, f_beta: 0.654722292957587
2021-01-29 17:57:32,059 - /python/tensorflow_test/short_text_statistics/trainModel.py[line:987] - INFO: train: step: 39, loss: 0.9116145372390747, acc: 0.625, recall: 0.6247479810637705, precision: 0.6551434549227418, f_beta: 0.6319797721253488
2021-01-29 17:57:36,097 - /python/tensorflow_test/short_text_statistics/trainModel.py[line:987] - INFO: train: step: 40, loss: 0.8498712778091431, acc: 0.640625, recall: 0.6207447746714877, precision: 0.5910110420979987, f_beta: 0.5900112133015597
2021-01-29 17:57:40,132 - /python/tensorflow_test/short_text_statistics/trainModel.py[line:987] - INFO: train: step: 41, loss: 0.814810037612915, acc: 0.671875, recall: 0.7239950007645107, precision: 0.7613876863876863, f_beta: 0.6877283539612753
2021-01-29 17:57:44,153 - /python/tensorflow_test/short_text_statistics/trainModel.py[line:987] - INFO: train: step: 42, loss: 0.8018354773521423, acc: 0.609375, recall: 0.6171231546231547, precision: 0.6095513963161022, f_beta: 0.5940371762740184
2021-01-29 17:57:48,187 - /python/tensorflow_test/short_text_statistics/trainModel.py[line:987] - INFO: train: step: 43, loss: 0.7978581786155701, acc: 0.625, recall: 0.6386801016702978, precision: 0.6521825396825396, f_beta: 0.625870545225384
2021-01-29 17:57:52,266 - /python/tensorflow_test/short_text_statistics/trainModel.py[line:987] - INFO: train: step: 44, loss: 0.9115030169487, acc: 0.6328125, recall: 0.6313493355181334, precision: 0.6971538040503559, f_beta: 0.6372511770893975
2021-01-29 17:57:56,296 - /python/tensorflow_test/short_text_statistics/trainModel.py[line:987] - INFO: train: step: 45, loss: 1.1163995265960693, acc: 0.53125, recall: 0.5366710584101889, precision: 0.6484994537626116, f_beta: 0.5510707915705716
2021-01-29 17:58:00,348 - /python/tensorflow_test/short_text_statistics/trainModel.py[line:987] - INFO: train: step: 46, loss: 0.9263392686843872, acc: 0.5703125, recall: 0.594017094017094, precision: 0.6201388888888889, f_beta: 0.5764440911499736
2021-01-29 17:58:04,375 - /python/tensorflow_test/short_text_statistics/trainModel.py[line:987] - INFO: train: step: 47, loss: 0.822350263595581, acc: 0.65625, recall: 0.6629698239156667, precision: 0.6628347856206531, f_beta: 0.6604800549407194
2021-01-29 17:58:08,440 - /python/tensorflow_test/short_text_statistics/trainModel.py[line:987] - INFO: train: step: 48, loss: 0.8290648460388184, acc: 0.65625, recall: 0.6630329909741673, precision: 0.64010064010064, f_beta: 0.6488342067289435
2021-01-29 17:58:12,490 - /python/tensorflow_test/short_text_statistics/trainModel.py[line:987] - INFO: train: step: 49, loss: 0.8242750763893127, acc: 0.625, recall: 0.6445357179052832, precision: 0.6070075757575758, f_beta: 0.597541643834796
2021-01-29 17:58:16,530 - /python/tensorflow_test/short_text_statistics/trainModel.py[line:987] - INFO: train: step: 50, loss: 0.8308038115501404, acc: 0.6484375, recall: 0.6380341880341881, precision: 0.7052140841614526, f_beta: 0.615701487440618
2021-01-29 17:58:20,565 - /python/tensorflow_test/short_text_statistics/trainModel.py[line:987] - INFO: train: step: 51, loss: 0.8001494407653809, acc: 0.6484375, recall: 0.6303264170040487, precision: 0.639045499996689, f_beta: 0.5883190110055782
2021-01-29 17:58:24,636 - /python/tensorflow_test/short_text_statistics/trainModel.py[line:987] - INFO: train: step: 52, loss: 0.7469240427017212, acc: 0.6640625, recall: 0.6457299421009098, precision: 0.6568061568061567, f_beta: 0.6379730531736548
2021-01-29 17:58:28,664 - /python/tensorflow_test/short_text_statistics/trainModel.py[line:987] - INFO: train: step: 53, loss: 0.7157529592514038, acc: 0.71875, recall: 0.7406331413684355, precision: 0.7228707692077593, f_beta: 0.7267461327745016
2021-01-29 17:58:32,761 - /python/tensorflow_test/short_text_statistics/trainModel.py[line:987] - INFO: train: step: 54, loss: 0.7566087245941162, acc: 0.6875, recall: 0.7025164904671546, precision: 0.6909794110881067, f_beta: 0.6890352038958891
2021-01-29 17:58:36,788 - /python/tensorflow_test/short_text_statistics/trainModel.py[line:987] - INFO: train: step: 55, loss: 0.6711369752883911, acc: 0.75, recall: 0.7480996505119313, precision: 0.7658586381412468, f_beta: 0.7529990149689193
2021-01-29 17:58:40,806 - /python/tensorflow_test/short_text_statistics/trainModel.py[line:987] - INFO: train: step: 56, loss: 0.8292287588119507, acc: 0.6796875, recall: 0.6896795127916407, precision: 0.6994015138179898, f_beta: 0.6914868085310637
2021-01-29 17:58:44,853 - /python/tensorflow_test/short_text_statistics/trainModel.py[line:987] - INFO: train: step: 57, loss: 0.7649335265159607, acc: 0.6953125, recall: 0.6988745749135775, precision: 0.7279624893435636, f_beta: 0.7002879677489097
2021-01-29 17:58:48,878 - /python/tensorflow_test/short_text_statistics/trainModel.py[line:987] - INFO: train: step: 58, loss: 0.7461453080177307, acc: 0.734375, recall: 0.6931889366671976, precision: 0.7190817597549715, f_beta: 0.7005030794678828
2021-01-29 17:58:52,894 - /python/tensorflow_test/short_text_statistics/trainModel.py[line:987] - INFO: train: step: 59, loss: 0.6531482934951782, acc: 0.765625, recall: 0.7711173358232181, precision: 0.7895848177275884, f_beta: 0.7719135802469136
2021-01-29 17:58:56,925 - /python/tensorflow_test/short_text_statistics/trainModel.py[line:987] - INFO: train: step: 60, loss: 0.5878042578697205, acc: 0.7734375, recall: 0.7865196078431372, precision: 0.7884129481311976, f_beta: 0.7864653077419034
2021-01-29 17:59:00,960 - /python/tensorflow_test/short_text_statistics/trainModel.py[line:987] - INFO: train: step: 61, loss: 0.6570746898651123, acc: 0.71875, recall: 0.7324313186813187, precision: 0.7377136752136751, f_beta: 0.7202463489912677
2021-01-29 17:59:04,939 - /python/tensorflow_test/short_text_statistics/trainModel.py[line:987] - INFO: train: step: 62, loss: 0.8297810554504395, acc: 0.65625, recall: 0.6768489869512887, precision: 0.6547483380816714, f_beta: 0.655798617536789
2021-01-29 17:59:08,939 - /python/tensorflow_test/short_text_statistics/trainModel.py[line:987] - INFO: train: step: 63, loss: 0.6076610684394836, acc: 0.7734375, recall: 0.7469397508107186, precision: 0.7834847526498381, f_beta: 0.7560558405092589
2021-01-29 17:59:12,959 - /python/tensorflow_test/short_text_statistics/trainModel.py[line:987] - INFO: train: step: 64, loss: 0.6239737272262573, acc: 0.7734375, recall: 0.7810061587140154, precision: 0.7830075187969925, f_beta: 0.7782499254418381
2021-01-29 17:59:17,160 - /python/tensorflow_test/short_text_statistics/trainModel.py[line:987] - INFO: train: step: 65, loss: 0.6767202615737915, acc: 0.7421875, recall: 0.761102033405955, precision: 0.7840177133655394, f_beta: 0.7708616056459215
2021-01-29 17:59:21,144 - /python/tensorflow_test/short_text_statistics/trainModel.py[line:987] - INFO: train: step: 66, loss: 0.8565207123756409, acc: 0.671875, recall: 0.7264329216535098, precision: 0.7448674782008116, f_beta: 0.6953279524708096
2021-01-29 17:59:25,165 - /python/tensorflow_test/short_text_statistics/trainModel.py[line:987] - INFO: train: step: 67, loss: 0.6827275156974792, acc: 0.71875, recall: 0.7268421052631578, precision: 0.7642390289449112, f_beta: 0.7372719827253711
2021-01-29 17:59:29,208 - /python/tensorflow_test/short_text_statistics/trainModel.py[line:987] - INFO: train: step: 68, loss: 0.7970596551895142, acc: 0.703125, recall: 0.6903739349795347, precision: 0.7216696662561964, f_beta: 0.6904355736210173
2021-01-29 17:59:33,229 - /python/tensorflow_test/short_text_statistics/trainModel.py[line:987] - INFO: train: step: 69, loss: 0.8029009103775024, acc: 0.6640625, recall: 0.6928450042485129, precision: 0.7045894465012114, f_beta: 0.6931185807656396
2021-01-29 17:59:37,239 - /python/tensorflow_test/short_text_statistics/trainModel.py[line:987] - INFO: train: step: 70, loss: 0.6284525394439697, acc: 0.6875, recall: 0.6734938911663049, precision: 0.7119771080368906, f_beta: 0.6427856296708756
2021-01-29 17:59:41,282 - /python/tensorflow_test/short_text_statistics/trainModel.py[line:987] - INFO: train: step: 71, loss: 0.6348006725311279, acc: 0.765625, recall: 0.7690350877192982, precision: 0.7643058330558331, f_beta: 0.751694024483097
2021-01-29 17:59:45,292 - /python/tensorflow_test/short_text_statistics/trainModel.py[line:987] - INFO: train: step: 72, loss: 0.6269170045852661, acc: 0.7421875, recall: 0.7507322165502943, precision: 0.7379305574251057, f_beta: 0.7370331702024941
2021-01-29 17:59:49,356 - /python/tensorflow_test/short_text_statistics/trainModel.py[line:987] - INFO: train: step: 73, loss: 0.7434710264205933, acc: 0.65625, recall: 0.7089205507199615, precision: 0.6709003411306043, f_beta: 0.6730155719629404
2021-01-29 17:59:53,400 - /python/tensorflow_test/short_text_statistics/trainModel.py[line:987] - INFO: train: step: 74, loss: 0.5788702964782715, acc: 0.8125, recall: 0.7936781609195402, precision: 0.8120263586155642, f_beta: 0.800751631604502
2021-01-29 17:59:57,416 - /python/tensorflow_test/short_text_statistics/trainModel.py[line:987] - INFO: train: step: 75, loss: 0.6828863620758057, acc: 0.734375, recall: 0.721142439431913, precision: 0.7410134210379308, f_beta: 0.7165795661730622
2021-01-29 18:00:01,436 - /python/tensorflow_test/short_text_statistics/trainModel.py[line:987] - INFO: train: step: 76, loss: 0.6318540573120117, acc: 0.7578125, recall: 0.7623274502228602, precision: 0.8092592592592593, f_beta: 0.7750410063821073
2021-01-29 18:00:05,488 - /python/tensorflow_test/short_text_statistics/trainModel.py[line:987] - INFO: train: step: 77, loss: 0.6473367214202881, acc: 0.7109375, recall: 0.7068148705829865, precision: 0.7465792721210679, f_beta: 0.713842489940051
2021-01-29 18:00:09,484 - /python/tensorflow_test/short_text_statistics/trainModel.py[line:987] - INFO: train: step: 78, loss: 0.6448372006416321, acc: 0.7421875, recall: 0.7480667480667481, precision: 0.761362094695428, f_beta: 0.739323022656356
2021-01-29 18:00:13,485 - /python/tensorflow_test/short_text_statistics/trainModel.py[line:987] - INFO: train: step: 79, loss: 0.7206368446350098, acc: 0.6796875, recall: 0.6948194014447884, precision: 0.7213689179375454, f_beta: 0.7003240646280471
2021-01-29 18:00:17,530 - /python/tensorflow_test/short_text_statistics/trainModel.py[line:987] - INFO: train: step: 80, loss: 0.5689771175384521, acc: 0.8515625, recall: 0.8503506904556382, precision: 0.8540231698126436, f_beta: 0.8497561701711236
2021-01-29 18:00:21,548 - /python/tensorflow_test/short_text_statistics/trainModel.py[line:987] - INFO: train: step: 81, loss: 0.5560569763183594, acc: 0.765625, recall: 0.7467235585192241, precision: 0.7672127255460589, f_beta: 0.7502365531744579
2021-01-29 18:00:25,549 - /python/tensorflow_test/short_text_statistics/trainModel.py[line:987] - INFO: train: step: 82, loss: 0.5448169708251953, acc: 0.7578125, recall: 0.7560246679316888, precision: 0.7365089412503205, f_beta: 0.7357504217467986
2021-01-29 18:00:29,543 - /python/tensorflow_test/short_text_statistics/trainModel.py[line:987] - INFO: train: step: 83, loss: 0.6924704909324646, acc: 0.734375, recall: 0.7731476253215384, precision: 0.7966752466752466, f_beta: 0.7499152583288491
2021-01-29 18:00:33,564 - /python/tensorflow_test/short_text_statistics/trainModel.py[line:987] - INFO: train: step: 84, loss: 0.6716444492340088, acc: 0.7578125, recall: 0.7720496415349357, precision: 0.7871360280349284, f_beta: 0.7723313565900375
2021-01-29 18:00:37,569 - /python/tensorflow_test/short_text_statistics/trainModel.py[line:987] - INFO: train: step: 85, loss: 0.638217031955719, acc: 0.71875, recall: 0.7161381164813658, precision: 0.7289452495974236, f_beta: 0.7183160151740062
2021-01-29 18:00:41,560 - /python/tensorflow_test/short_text_statistics/trainModel.py[line:987] - INFO: train: step: 86, loss: 0.5429812073707581, acc: 0.78125, recall: 0.7720468529292058, precision: 0.7777520930334229, f_beta: 0.7706196249436704
2021-01-29 18:00:45,534 - /python/tensorflow_test/short_text_statistics/trainModel.py[line:987] - INFO: train: step: 87, loss: 0.49088895320892334, acc: 0.8046875, recall: 0.7966647803549205, precision: 0.7955424558623733, f_beta: 0.791174082195754
2021-01-29 18:00:49,498 - /python/tensorflow_test/short_text_statistics/trainModel.py[line:987] - INFO: train: step: 88, loss: 0.7231253981590271, acc: 0.7421875, recall: 0.7465084751849459, precision: 0.7832241966543237, f_beta: 0.7509120509120509
2021-01-29 18:00:53,457 - /python/tensorflow_test/short_text_statistics/trainModel.py[line:987] - INFO: train: step: 89, loss: 0.7298271059989929, acc: 0.71875, recall: 0.7260474093807426, precision: 0.7451514307654657, f_beta: 0.72106680576738
2021-01-29 18:00:57,462 - /python/tensorflow_test/short_text_statistics/trainModel.py[line:987] - INFO: train: step: 90, loss: 0.7494364976882935, acc: 0.6796875, recall: 0.6921303334346813, precision: 0.7393507807981492, f_beta: 0.693003521836474
2021-01-29 18:01:01,460 - /python/tensorflow_test/short_text_statistics/trainModel.py[line:987] - INFO: train: step: 91, loss: 0.5898854732513428, acc: 0.7421875, recall: 0.7444496317045336, precision: 0.7581322563495738, f_beta: 0.7455355252052879
2021-01-29 18:01:05,461 - /python/tensorflow_test/short_text_statistics/trainModel.py[line:987] - INFO: train: step: 92, loss: 0.6384527683258057, acc: 0.7890625, recall: 0.7712543991955757, precision: 0.7825136310050104, f_beta: 0.7742434397666528
2021-01-29 18:01:09,487 - /python/tensorflow_test/short_text_statistics/trainModel.py[line:987] - INFO: train: step: 93, loss: 0.5791958570480347, acc: 0.8046875, recall: 0.807645059618744, precision: 0.8190203516290473, f_beta: 0.8084491384738436
2021-01-29 18:01:13,479 - /python/tensorflow_test/short_text_statistics/trainModel.py[line:987] - INFO: train: step: 94, loss: 0.5474012494087219, acc: 0.7890625, recall: 0.7769973544973544, precision: 0.7837946315063021, f_beta: 0.7796617937955324
2021-01-29 18:01:17,469 - /python/tensorflow_test/short_text_statistics/trainModel.py[line:987] - INFO: train: step: 95, loss: 0.4893723130226135, acc: 0.7734375, recall: 0.7568165313263352, precision: 0.7757327218743569, f_beta: 0.7603465244761805
2021-01-29 18:01:21,485 - /python/tensorflow_test/short_text_statistics/trainModel.py[line:987] - INFO: train: step: 96, loss: 0.6046983003616333, acc: 0.7578125, recall: 0.7707967354706485, precision: 0.7691312636165577, f_beta: 0.7550322770911007
2021-01-29 18:01:25,494 - /python/tensorflow_test/short_text_statistics/trainModel.py[line:987] - INFO: train: step: 97, loss: 0.5602517127990723, acc: 0.8046875, recall: 0.8200761798587886, precision: 0.8139529914529916, f_beta: 0.8135188379385861
2021-01-29 18:01:29,549 - /python/tensorflow_test/short_text_statistics/trainModel.py[line:987] - INFO: train: step: 98, loss: 0.6403428316116333, acc: 0.734375, recall: 0.7587892180283484, precision: 0.808659907344118, f_beta: 0.7468805704099822
2021-01-29 18:01:33,536 - /python/tensorflow_test/short_text_statistics/trainModel.py[line:987] - INFO: train: step: 99, loss: 0.4673464298248291, acc: 0.8203125, recall: 0.7998026958313069, precision: 0.8004639658099643, f_beta: 0.7939940066376847
2021-01-29 18:01:37,524 - /python/tensorflow_test/short_text_statistics/trainModel.py[line:987] - INFO: train: step: 100, loss: 0.7040309906005859, acc: 0.7265625, recall: 0.75576216786494, precision: 0.7503463519910888, f_beta: 0.7356849839487293
2021-01-29 18:01:37,524 - /python/tensorflow_test/short_text_statistics/trainModel.py[line:990] - INFO: 
Evaluation:
2021-01-29 18:02:10,799 - /python/tensorflow_test/short_text_statistics/trainModel.py[line:1007] - INFO: 2021-01-29T18:02:10.799317, step: 100, loss: 0.5322381854057312, acc: 0.84765625,precision: 0.14127604166666669, recall: 0.16666666666666666, f_beta: 0.15288946144490145
2021-01-29 18:02:11,176 - /python/tensorflow_test/short_text_statistics/trainModel.py[line:1012] - INFO: Saved model checkpoint to /python/tensorflow_test/short_text_statistics/data/model/-100

2021-01-29 18:02:15,176 - /python/tensorflow_test/short_text_statistics/trainModel.py[line:987] - INFO: train: step: 101, loss: 0.5609420537948608, acc: 0.765625, recall: 0.7578644275745724, precision: 0.7638798238798238, f_beta: 0.755453716574349
2021-01-29 18:02:19,186 - /python/tensorflow_test/short_text_statistics/trainModel.py[line:987] - INFO: train: step: 102, loss: 0.5875145196914673, acc: 0.8125, recall: 0.804183750795004, precision: 0.847450650299226, f_beta: 0.818971456439863
2021-01-29 18:02:23,193 - /python/tensorflow_test/short_text_statistics/trainModel.py[line:987] - INFO: train: step: 103, loss: 0.5622026324272156, acc: 0.7890625, recall: 0.7895148224095593, precision: 0.8307696837545535, f_beta: 0.785871148855639
2021-01-29 18:02:27,183 - /python/tensorflow_test/short_text_statistics/trainModel.py[line:987] - INFO: train: step: 104, loss: 0.5595828890800476, acc: 0.78125, recall: 0.8137125220458553, precision: 0.8303219940094139, f_beta: 0.7969023510690177
2021-01-29 18:02:31,154 - /python/tensorflow_test/short_text_statistics/trainModel.py[line:987] - INFO: train: step: 105, loss: 0.44657039642333984, acc: 0.84375, recall: 0.8237788513150831, precision: 0.8568302068302067, f_beta: 0.8239278752436648
2021-01-29 18:02:35,158 - /python/tensorflow_test/short_text_statistics/trainModel.py[line:987] - INFO: train: step: 106, loss: 0.5657297372817993, acc: 0.734375, recall: 0.7350160347104321, precision: 0.7746120504741194, f_beta: 0.7234301283320893
2021-01-29 18:02:39,180 - /python/tensorflow_test/short_text_statistics/trainModel.py[line:987] - INFO: train: step: 107, loss: 0.5712149143218994, acc: 0.765625, recall: 0.7417308907504984, precision: 0.8146809331019856, f_beta: 0.7610099721170763
2021-01-29 18:02:43,201 - /python/tensorflow_test/short_text_statistics/trainModel.py[line:987] - INFO: train: step: 108, loss: 0.49497196078300476, acc: 0.796875, recall: 0.7866022866022866, precision: 0.8177944862155387, f_beta: 0.7993075387336507
2021-01-29 18:02:47,172 - /python/tensorflow_test/short_text_statistics/trainModel.py[line:987] - INFO: train: step: 109, loss: 0.5303503274917603, acc: 0.796875, recall: 0.8030303030303031, precision: 0.8296503684184845, f_beta: 0.8075619580245316
2021-01-29 18:02:51,186 - /python/tensorflow_test/short_text_statistics/trainModel.py[line:987] - INFO: train: step: 110, loss: 0.6133416891098022, acc: 0.7109375, recall: 0.7040799297321038, precision: 0.7321417858608822, f_beta: 0.7058424755876032
2021-01-29 18:02:55,233 - /python/tensorflow_test/short_text_statistics/trainModel.py[line:987] - INFO: train: step: 111, loss: 0.57914799451828, acc: 0.7578125, recall: 0.7736668524712003, precision: 0.7785010240655402, f_beta: 0.7598192302486648
2021-01-29 18:02:59,231 - /python/tensorflow_test/short_text_statistics/trainModel.py[line:987] - INFO: train: step: 112, loss: 0.6668097972869873, acc: 0.6875, recall: 0.7079530842917571, precision: 0.7117869195386358, f_beta: 0.7039384176253312
2021-01-29 18:03:03,265 - /python/tensorflow_test/short_text_statistics/trainModel.py[line:987] - INFO: train: step: 113, loss: 0.4947199821472168, acc: 0.8203125, recall: 0.8117284308359359, precision: 0.816671307899378, f_beta: 0.8115560405882986
2021-01-29 18:03:07,252 - /python/tensorflow_test/short_text_statistics/trainModel.py[line:987] - INFO: train: step: 114, loss: 0.5142362713813782, acc: 0.7890625, recall: 0.7977471924211055, precision: 0.8134532845396224, f_beta: 0.7925551452252456
2021-01-29 18:03:11,228 - /python/tensorflow_test/short_text_statistics/trainModel.py[line:987] - INFO: train: step: 115, loss: 0.6094543933868408, acc: 0.7578125, recall: 0.7707621326042379, precision: 0.7902802535155476, f_beta: 0.7609805538376966
2021-01-29 18:03:15,204 - /python/tensorflow_test/short_text_statistics/trainModel.py[line:987] - INFO: train: step: 116, loss: 0.50771164894104, acc: 0.7734375, recall: 0.7885580955756394, precision: 0.8071725206736647, f_beta: 0.7929951442108893
2021-01-29 18:03:19,201 - /python/tensorflow_test/short_text_statistics/trainModel.py[line:987] - INFO: train: step: 117, loss: 0.5023515820503235, acc: 0.8125, recall: 0.7899142492245942, precision: 0.8266700131811695, f_beta: 0.7902207159585887
2021-01-29 18:03:23,186 - /python/tensorflow_test/short_text_statistics/trainModel.py[line:987] - INFO: train: step: 118, loss: 0.4955126643180847, acc: 0.8203125, recall: 0.8301060118089104, precision: 0.8364734299516909, f_beta: 0.829190481444702
2021-01-29 18:03:27,181 - /python/tensorflow_test/short_text_statistics/trainModel.py[line:987] - INFO: train: step: 119, loss: 0.5972215533256531, acc: 0.8125, recall: 0.8354879769353453, precision: 0.8489671147565884, f_beta: 0.8354041780290329
2021-01-29 18:03:31,181 - /python/tensorflow_test/short_text_statistics/trainModel.py[line:987] - INFO: train: step: 120, loss: 0.45057782530784607, acc: 0.8203125, recall: 0.8426554189235348, precision: 0.8335058661145619, f_beta: 0.834463732658933
2021-01-29 18:03:35,155 - /python/tensorflow_test/short_text_statistics/trainModel.py[line:987] - INFO: train: step: 121, loss: 0.576812207698822, acc: 0.7734375, recall: 0.7699824330259113, precision: 0.782214796249884, f_beta: 0.7701811025010232
2021-01-29 18:03:39,184 - /python/tensorflow_test/short_text_statistics/trainModel.py[line:987] - INFO: train: step: 122, loss: 0.5351620316505432, acc: 0.7890625, recall: 0.7939667277167278, precision: 0.8030722545428427, f_beta: 0.7928616740210943
2021-01-29 18:03:43,144 - /python/tensorflow_test/short_text_statistics/trainModel.py[line:987] - INFO: train: step: 123, loss: 0.580399751663208, acc: 0.765625, recall: 0.7600162956799114, precision: 0.7620855995855996, f_beta: 0.758109765853821
2021-01-29 18:03:47,110 - /python/tensorflow_test/short_text_statistics/trainModel.py[line:987] - INFO: train: step: 124, loss: 0.5806312561035156, acc: 0.8203125, recall: 0.8163801576845054, precision: 0.8171157515237022, f_beta: 0.8144177390258017
2021-01-29 18:03:51,149 - /python/tensorflow_test/short_text_statistics/trainModel.py[line:987] - INFO: train: step: 125, loss: 0.5610878467559814, acc: 0.7578125, recall: 0.7621768328290067, precision: 0.7603869084132242, f_beta: 0.7595645402101526
2021-01-29 18:03:55,138 - /python/tensorflow_test/short_text_statistics/trainModel.py[line:987] - INFO: train: step: 126, loss: 0.5502058267593384, acc: 0.8046875, recall: 0.8088509316770186, precision: 0.8247685185185185, f_beta: 0.8153139894237359
2021-01-29 18:03:59,125 - /python/tensorflow_test/short_text_statistics/trainModel.py[line:987] - INFO: train: step: 127, loss: 0.43916621804237366, acc: 0.859375, recall: 0.8425523618538325, precision: 0.8507169913419913, f_beta: 0.8438593786704253
2021-01-29 18:04:03,103 - /python/tensorflow_test/short_text_statistics/trainModel.py[line:987] - INFO: train: step: 128, loss: 0.5274170637130737, acc: 0.8203125, recall: 0.8110261398629057, precision: 0.8294444444444445, f_beta: 0.8182399329815744
2021-01-29 18:04:07,098 - /python/tensorflow_test/short_text_statistics/trainModel.py[line:987] - INFO: train: step: 129, loss: 0.48609602451324463, acc: 0.828125, recall: 0.8182471776589423, precision: 0.831705948372615, f_beta: 0.8215623174274319
2021-01-29 18:04:11,048 - /python/tensorflow_test/short_text_statistics/trainModel.py[line:987] - INFO: train: step: 130, loss: 0.5655347108840942, acc: 0.796875, recall: 0.7855248139859125, precision: 0.8251689976689977, f_beta: 0.7973895509483473
2021-01-29 18:04:15,080 - /python/tensorflow_test/short_text_statistics/trainModel.py[line:987] - INFO: train: step: 131, loss: 0.5018995404243469, acc: 0.796875, recall: 0.8160759063283608, precision: 0.8102948250007073, f_beta: 0.8086246969848289
2021-01-29 18:04:19,086 - /python/tensorflow_test/short_text_statistics/trainModel.py[line:987] - INFO: train: step: 132, loss: 0.6115704774856567, acc: 0.75, recall: 0.7533036046079524, precision: 0.7906242054411391, f_beta: 0.7610115578865578
2021-01-29 18:04:23,068 - /python/tensorflow_test/short_text_statistics/trainModel.py[line:987] - INFO: train: step: 133, loss: 0.4562111496925354, acc: 0.8046875, recall: 0.7835722986085306, precision: 0.7932692307692307, f_beta: 0.7875100428849523
2021-01-29 18:04:27,051 - /python/tensorflow_test/short_text_statistics/trainModel.py[line:987] - INFO: train: step: 134, loss: 0.40571314096450806, acc: 0.8359375, recall: 0.8375, precision: 0.8282710185523484, f_beta: 0.827228181303494
2021-01-29 18:04:31,081 - /python/tensorflow_test/short_text_statistics/trainModel.py[line:987] - INFO: train: step: 135, loss: 0.40402546525001526, acc: 0.828125, recall: 0.8012971224178121, precision: 0.8237937987937989, f_beta: 0.8054932621408594
2021-01-29 18:04:35,073 - /python/tensorflow_test/short_text_statistics/trainModel.py[line:987] - INFO: train: step: 136, loss: 0.4291350841522217, acc: 0.8046875, recall: 0.8015786749482402, precision: 0.7832300113027667, f_beta: 0.7888256568921399
2021-01-29 18:04:39,048 - /python/tensorflow_test/short_text_statistics/trainModel.py[line:987] - INFO: train: step: 137, loss: 0.4604088068008423, acc: 0.875, recall: 0.8762724292615597, precision: 0.8838721664808622, f_beta: 0.8765463526260867
2021-01-29 18:04:43,067 - /python/tensorflow_test/short_text_statistics/trainModel.py[line:987] - INFO: train: step: 138, loss: 0.5480023622512817, acc: 0.7890625, recall: 0.7848824786324786, precision: 0.7782028957018862, f_beta: 0.7731812902544609
2021-01-29 18:04:47,053 - /python/tensorflow_test/short_text_statistics/trainModel.py[line:987] - INFO: train: step: 139, loss: 0.5075113773345947, acc: 0.8203125, recall: 0.8378643367678454, precision: 0.8214503042596348, f_beta: 0.8188326227724613
2021-01-29 18:04:51,035 - /python/tensorflow_test/short_text_statistics/trainModel.py[line:987] - INFO: train: step: 140, loss: 0.5786371231079102, acc: 0.734375, recall: 0.7763867023236094, precision: 0.7543706761457019, f_beta: 0.752538860362368
2021-01-29 18:04:55,021 - /python/tensorflow_test/short_text_statistics/trainModel.py[line:987] - INFO: train: step: 141, loss: 0.47225329279899597, acc: 0.8125, recall: 0.8136481208849631, precision: 0.8251529361037001, f_beta: 0.8143779519450346
2021-01-29 18:04:58,979 - /python/tensorflow_test/short_text_statistics/trainModel.py[line:987] - INFO: train: step: 142, loss: 0.5089499950408936, acc: 0.7890625, recall: 0.7881275662072764, precision: 0.8035600148643627, f_beta: 0.794159452739866
2021-01-29 18:05:02,971 - /python/tensorflow_test/short_text_statistics/trainModel.py[line:987] - INFO: train: step: 143, loss: 0.4945366382598877, acc: 0.7734375, recall: 0.7599723947550036, precision: 0.816188769414576, f_beta: 0.7618508871320886
2021-01-29 18:05:06,995 - /python/tensorflow_test/short_text_statistics/trainModel.py[line:987] - INFO: train: step: 144, loss: 0.5659758448600769, acc: 0.78125, recall: 0.7875708564114361, precision: 0.8352346999405823, f_beta: 0.7974283200588598
2021-01-29 18:05:10,983 - /python/tensorflow_test/short_text_statistics/trainModel.py[line:987] - INFO: train: step: 145, loss: 0.4399251639842987, acc: 0.8671875, recall: 0.8716496101364521, precision: 0.8718073593073594, f_beta: 0.8691320385426075
2021-01-29 18:05:14,974 - /python/tensorflow_test/short_text_statistics/trainModel.py[line:987] - INFO: train: step: 146, loss: 0.5233147144317627, acc: 0.7421875, recall: 0.7574274490941159, precision: 0.7560019841269842, f_beta: 0.7482975241659461
2021-01-29 18:05:18,968 - /python/tensorflow_test/short_text_statistics/trainModel.py[line:987] - INFO: train: step: 147, loss: 0.49124646186828613, acc: 0.765625, recall: 0.8068245951579285, precision: 0.8188293188293189, f_beta: 0.7983514131886945
2021-01-29 18:05:22,966 - /python/tensorflow_test/short_text_statistics/trainModel.py[line:987] - INFO: train: step: 148, loss: 0.8305912017822266, acc: 0.734375, recall: 0.770996217899822, precision: 0.789063414063414, f_beta: 0.7504860098894478
2021-01-29 18:05:26,938 - /python/tensorflow_test/short_text_statistics/trainModel.py[line:987] - INFO: train: step: 149, loss: 0.5373557209968567, acc: 0.8125, recall: 0.8201317523056654, precision: 0.852209595959596, f_beta: 0.828122930605042
2021-01-29 18:05:30,935 - /python/tensorflow_test/short_text_statistics/trainModel.py[line:987] - INFO: train: step: 150, loss: 0.595771849155426, acc: 0.765625, recall: 0.7737173618740082, precision: 0.8394927536231883, f_beta: 0.7779973492047795
2021-01-29 18:05:34,950 - /python/tensorflow_test/short_text_statistics/trainModel.py[line:987] - INFO: train: step: 151, loss: 0.47623419761657715, acc: 0.8125, recall: 0.793227969348659, precision: 0.8719103719103719, f_beta: 0.7926200304683276
2021-01-29 18:05:38,940 - /python/tensorflow_test/short_text_statistics/trainModel.py[line:987] - INFO: train: step: 152, loss: 0.41502702236175537, acc: 0.8359375, recall: 0.8036758001634912, precision: 0.8918667636834021, f_beta: 0.8090045054282705
2021-01-29 18:05:42,926 - /python/tensorflow_test/short_text_statistics/trainModel.py[line:987] - INFO: train: step: 153, loss: 0.5754773020744324, acc: 0.7890625, recall: 0.7870669611718205, precision: 0.8327094445515498, f_beta: 0.78379827851463
2021-01-29 18:05:46,914 - /python/tensorflow_test/short_text_statistics/trainModel.py[line:987] - INFO: train: step: 154, loss: 0.4808293282985687, acc: 0.8046875, recall: 0.8139094143404488, precision: 0.8559073186089314, f_beta: 0.8210626046691621
2021-01-29 18:05:50,904 - /python/tensorflow_test/short_text_statistics/trainModel.py[line:987] - INFO: train: step: 155, loss: 0.40932390093803406, acc: 0.8203125, recall: 0.7955167618211095, precision: 0.8378190914776281, f_beta: 0.8102787296335684
2021-01-29 18:05:54,910 - /python/tensorflow_test/short_text_statistics/trainModel.py[line:987] - INFO: train: step: 156, loss: 0.38478153944015503, acc: 0.8515625, recall: 0.8536752136752136, precision: 0.8724219620958751, f_beta: 0.8553299633423858
2021-01-29 18:05:58,901 - /python/tensorflow_test/short_text_statistics/trainModel.py[line:987] - INFO: train: step: 157, loss: 0.5800119638442993, acc: 0.78125, recall: 0.8071832173729708, precision: 0.8171742836715614, f_beta: 0.8000423489553924
2021-01-29 18:06:02,883 - /python/tensorflow_test/short_text_statistics/trainModel.py[line:987] - INFO: train: step: 158, loss: 0.47923728823661804, acc: 0.8046875, recall: 0.8192891649413389, precision: 0.8023088023088022, f_beta: 0.8059789908627119
2021-01-29 18:06:06,852 - /python/tensorflow_test/short_text_statistics/trainModel.py[line:987] - INFO: train: step: 159, loss: 0.5581417083740234, acc: 0.8046875, recall: 0.789465382112441, precision: 0.8032437333907922, f_beta: 0.7927767658986561
2021-01-29 18:06:10,841 - /python/tensorflow_test/short_text_statistics/trainModel.py[line:987] - INFO: train: step: 160, loss: 0.641636312007904, acc: 0.78125, recall: 0.7564345711759506, precision: 0.8159341906278182, f_beta: 0.7774728639382777
2021-01-29 18:06:10,842 - /python/tensorflow_test/short_text_statistics/trainModel.py[line:981] - INFO: epoches：14
2021-01-29 18:06:14,839 - /python/tensorflow_test/short_text_statistics/trainModel.py[line:987] - INFO: train: step: 161, loss: 0.3343627154827118, acc: 0.890625, recall: 0.8897021594390017, precision: 0.8931551540247192, f_beta: 0.8901014616615169
2021-01-29 18:06:18,821 - /python/tensorflow_test/short_text_statistics/trainModel.py[line:987] - INFO: train: step: 162, loss: 0.38912129402160645, acc: 0.8515625, recall: 0.8674242424242425, precision: 0.9058014354066986, f_beta: 0.8599527054223448
2021-01-29 18:06:22,845 - /python/tensorflow_test/short_text_statistics/trainModel.py[line:987] - INFO: train: step: 163, loss: 0.4894380271434784, acc: 0.8359375, recall: 0.8638911216660577, precision: 0.8558688387635756, f_beta: 0.8486194567907549
2021-01-29 18:06:26,846 - /python/tensorflow_test/short_text_statistics/trainModel.py[line:987] - INFO: train: step: 164, loss: 0.37712085247039795, acc: 0.859375, recall: 0.8690331407722712, precision: 0.8780790359737729, f_beta: 0.8698780487804877
2021-01-29 18:06:30,825 - /python/tensorflow_test/short_text_statistics/trainModel.py[line:987] - INFO: train: step: 165, loss: 0.3667634427547455, acc: 0.8515625, recall: 0.8562896825396825, precision: 0.8888065388491646, f_beta: 0.8615911589892341
2021-01-29 18:06:34,816 - /python/tensorflow_test/short_text_statistics/trainModel.py[line:987] - INFO: train: step: 166, loss: 0.34965991973876953, acc: 0.8671875, recall: 0.8764619883040936, precision: 0.8755237137590081, f_beta: 0.8719707753854095
2021-01-29 18:06:38,789 - /python/tensorflow_test/short_text_statistics/trainModel.py[line:987] - INFO: train: step: 167, loss: 0.4373359978199005, acc: 0.8515625, recall: 0.8490907240907241, precision: 0.8676154255101624, f_beta: 0.8554285807345324
2021-01-29 18:06:42,774 - /python/tensorflow_test/short_text_statistics/trainModel.py[line:987] - INFO: train: step: 168, loss: 0.3325040638446808, acc: 0.8828125, recall: 0.9169960474308301, precision: 0.8923836061767098, f_beta: 0.8953699920184189
2021-01-29 18:06:46,748 - /python/tensorflow_test/short_text_statistics/trainModel.py[line:987] - INFO: train: step: 169, loss: 0.2622828483581543, acc: 0.9140625, recall: 0.9176919013219322, precision: 0.9141053391053391, f_beta: 0.9149322380899964
2021-01-29 18:06:50,716 - /python/tensorflow_test/short_text_statistics/trainModel.py[line:987] - INFO: train: step: 170, loss: 0.2759639620780945, acc: 0.890625, recall: 0.8885520424994109, precision: 0.8884634860809313, f_beta: 0.8827452084317073
2021-01-29 18:06:54,676 - /python/tensorflow_test/short_text_statistics/trainModel.py[line:987] - INFO: train: step: 171, loss: 0.3797963857650757, acc: 0.859375, recall: 0.8607683982683983, precision: 0.8836805555555557, f_beta: 0.8648266687740372
2021-01-29 18:06:58,670 - /python/tensorflow_test/short_text_statistics/trainModel.py[line:987] - INFO: train: step: 172, loss: 0.35912638902664185, acc: 0.8828125, recall: 0.8586309523809524, precision: 0.8779089026915115, f_beta: 0.8574642027472215
2021-01-29 18:07:02,675 - /python/tensorflow_test/short_text_statistics/trainModel.py[line:987] - INFO: train: step: 173, loss: 0.3343169689178467, acc: 0.8515625, recall: 0.854223862557196, precision: 0.8651529452360655, f_beta: 0.8574814766561234
2021-01-29 18:07:06,646 - /python/tensorflow_test/short_text_statistics/trainModel.py[line:987] - INFO: train: step: 174, loss: 0.27054446935653687, acc: 0.9375, recall: 0.9424736932896326, precision: 0.9432516339869282, f_beta: 0.9392861788253235
2021-01-29 18:07:10,608 - /python/tensorflow_test/short_text_statistics/trainModel.py[line:987] - INFO: train: step: 175, loss: 0.31379199028015137, acc: 0.8984375, recall: 0.8861651787542096, precision: 0.9007469654528478, f_beta: 0.8916392089261297
2021-01-29 18:07:14,591 - /python/tensorflow_test/short_text_statistics/trainModel.py[line:987] - INFO: train: step: 176, loss: 0.38926175236701965, acc: 0.84375, recall: 0.8450860548561697, precision: 0.8434288146931825, f_beta: 0.8358371126228269
2021-01-29 18:07:18,572 - /python/tensorflow_test/short_text_statistics/trainModel.py[line:987] - INFO: train: step: 177, loss: 0.3063468635082245, acc: 0.90625, recall: 0.9072605136330627, precision: 0.9106076506763006, f_beta: 0.9065845101111449
2021-01-29 18:07:22,565 - /python/tensorflow_test/short_text_statistics/trainModel.py[line:987] - INFO: train: step: 178, loss: 0.28143370151519775, acc: 0.8984375, recall: 0.9091519055287173, precision: 0.8996836496836497, f_beta: 0.9024489875818781
2021-01-29 18:07:26,562 - /python/tensorflow_test/short_text_statistics/trainModel.py[line:987] - INFO: train: step: 179, loss: 0.41017138957977295, acc: 0.859375, recall: 0.8677705156136529, precision: 0.893364107020021, f_beta: 0.8752133325108465
2021-01-29 18:07:30,557 - /python/tensorflow_test/short_text_statistics/trainModel.py[line:987] - INFO: train: step: 180, loss: 0.3499146103858948, acc: 0.875, recall: 0.8700290151903055, precision: 0.8982456140350877, f_beta: 0.876835182330872
2021-01-29 18:07:34,540 - /python/tensorflow_test/short_text_statistics/trainModel.py[line:987] - INFO: train: step: 181, loss: 0.4559904932975769, acc: 0.8515625, recall: 0.8300839659535312, precision: 0.8535547785547787, f_beta: 0.8352172325439388
2021-01-29 18:07:38,557 - /python/tensorflow_test/short_text_statistics/trainModel.py[line:987] - INFO: train: step: 182, loss: 0.39619457721710205, acc: 0.8984375, recall: 0.8877712800519818, precision: 0.91984418767507, f_beta: 0.8961254453171837
2021-01-29 18:07:42,567 - /python/tensorflow_test/short_text_statistics/trainModel.py[line:987] - INFO: train: step: 183, loss: 0.41218823194503784, acc: 0.875, recall: 0.8718263048926663, precision: 0.9003355162098795, f_beta: 0.8809105482659917
2021-01-29 18:07:46,554 - /python/tensorflow_test/short_text_statistics/trainModel.py[line:987] - INFO: train: step: 184, loss: 1.381709337234497, acc: 0.6484375, recall: 0.6411456190867956, precision: 0.7230392156862745, f_beta: 0.6140903540903541
2021-01-29 18:07:50,521 - /python/tensorflow_test/short_text_statistics/trainModel.py[line:987] - INFO: train: step: 185, loss: 0.5120588541030884, acc: 0.8125, recall: 0.8006349206349205, precision: 0.8344852029062556, f_beta: 0.7780933224481612
2021-01-29 18:07:54,535 - /python/tensorflow_test/short_text_statistics/trainModel.py[line:987] - INFO: train: step: 186, loss: 0.5301913022994995, acc: 0.7734375, recall: 0.7796261487050961, precision: 0.8129504504504504, f_beta: 0.7593055093055093
